[uDD::Log][2023-10-08 15:57:53] Start
[uDD::Log][2023-10-08 15:57:53] OS Version    : 10.0
[uDD::Log][2023-10-08 15:57:53] Build Number  : 22621
[uDD::Log][2023-10-08 15:57:53] Service Pack  : 
[uDD::Log][2023-10-08 15:57:53] Graphics Card [0] : NVIDIA GeForce RTX 3060 Laptop GPU
[uDD::Log][2023-10-08 15:57:53]   > Monitor[0] : \\.\DISPLAY4
[uDD::Log][2023-10-08 15:57:53] Graphics Card [1] : Intel(R) UHD Graphics
[uDD::Log][2023-10-08 15:57:53]   > Monitor[0] : \\.\DISPLAY1
[uDD::Log][2023-10-08 15:57:53] Graphics Card [2] : Microsoft Basic Render Driver
[uDD::Log][2023-10-08 15:57:53] Monitor::Initialized() =>
[uDD::Log][2023-10-08 15:57:53]     ID    : 0
[uDD::Log][2023-10-08 15:57:53]     Size  : (1920, 1080)
[uDD::Log][2023-10-08 15:57:53]     DPI   : (89, 90)
[uDD::Log][2023-10-08 15:57:53]     Rot   : Landscape
[uDD::Log][2023-10-08 15:57:53] Duplicator::Initialize() => OK.
[uDD::Log][2023-10-08 15:57:53] Monitor::Initialized() =>
[uDD::Log][2023-10-08 15:57:53]     ID    : 1
[uDD::Log][2023-10-08 15:57:53]     Size  : (1920, 1080)
[uDD::Log][2023-10-08 15:57:53]     DPI   : (141, 142)
[uDD::Log][2023-10-08 15:57:53]     Rot   : Landscape
[uDD::Log][2023-10-08 15:57:53] Duplicator::Initialize() => OK.
[uDD::Err][2023-10-08 15:57:53] Duplicator::CheckUnityAdapter() => The adapter is not same as Unity, and now this case is not supported.
[uDD::Log][2023-10-08 16:06:51] Stop
